2022/11/23 22:40:29 Starting cygwin install, version 2.919
2022/11/23 22:40:29 mbox : Cygwin support for 32-bit Windows is deprecated, and will be removed in the next major version
2022/11/23 22:40:29 User has backup/restore rights
2022/11/23 22:40:29 User has symlink creation right
2022/11/23 22:40:29 Current Directory: E:\Cygwin_setup
2022/11/23 22:40:36 source: network install
2022/11/23 22:41:00 root: E:\XWin system
2022/11/23 22:41:02 Selected local directory: E:\Cygwin_setup
2022/11/23 22:41:04 net: Preconfig
2022/11/23 22:41:07 site: https://mirrors.ustc.edu.cn/cygwin/
2022/11/23 22:41:10 io_stream_cygfile: fopen(/etc/setup/timestamp) failed 2 No such file or directory
2022/11/23 22:41:10 mbox note: This setup is version 2.919, but setup.ini claims version 2.923 is available.
You might want to upgrade to get the latest features and bug fixes.
2022/11/23 22:41:13 io_stream_cygfile: fopen(/etc/setup/installed.db) failed 2 No such file or directory
2022/11/23 22:41:13 solving: 37 tasks, update: yes, use test packages: no
2022/11/23 22:42:04 solving: 77 tasks, update: no, use test packages: no
2022/11/23 22:42:04 Augmented Transaction List:
2022/11/23 22:42:04    0 install base-cygwin        3.8-1                       
2022/11/23 22:42:04    1 install cygwin             3.3.6-1                     
2022/11/23 22:42:04    2 install libpopt-common     1.18-1                      
2022/11/23 22:42:04    3 install rebase             4.6.1-1                     
2022/11/23 22:42:04    4 install terminfo           6.3-1.20220416              
2022/11/23 22:42:04    5 install tzdata             2022f-1                     
2022/11/23 22:42:04    6 install xorg-scripts       1.0.1-1                     
2022/11/23 22:42:04    7 install xcursor-themes     1.0.6-1                     
2022/11/23 22:42:04    8 install xkeyboard-config   2.37-1                      
2022/11/23 22:42:04    9 install libtirpc-common    1.3.3-1                     
2022/11/23 22:42:04   10 install libexpat1          2.4.1-1                     
2022/11/23 22:42:04   11 install libbrotlicommon1   1.0.9-2                     
2022/11/23 22:42:04   12 install libX11-xcb1        1.8.1-1                     
2022/11/23 22:42:04   13 install libXdmcp6          1.1.3-1                     
2022/11/23 22:42:04   14 install libXau6            1.0.10-1                    
2022/11/23 22:42:04   15 install which              2.20-2                      
2022/11/23 22:42:04   16 install run                1.3.4-2                     
2022/11/23 22:42:04   17 install mintty             3.6.2-1                     
2022/11/23 22:42:04   18 install login              1.13-1                      
2022/11/23 22:42:04   19 install libsigsegv2        2.10-2                      
2022/11/23 22:42:04   20 install libpipeline1       1.5.6-1                     
2022/11/23 22:42:04   21 install libpcre2_8_0       10.40-1                     
2022/11/23 22:42:04   22 install liblzma5           5.2.8-1                     
2022/11/23 22:42:04   23 install liblz4_1           1.9.4-1                     
2022/11/23 22:42:04   24 install libiconv2          1.17-1                      
2022/11/23 22:42:04   25 install libgmp10           6.2.1-2                     
2022/11/23 22:42:04   26 install libgcc1            11.3.0-1                    
2022/11/23 22:42:04   27 install libffi6            3.2.1-1                     
2022/11/23 22:42:04   28 install libbz2_1           1.0.8-1                     
2022/11/23 22:42:04   29 install libargp            20110921-3                  
2022/11/23 22:42:04   30 install ipc-utils          1.0-1                       
2022/11/23 22:42:04   31 install hostname           3.13-1                      
2022/11/23 22:42:04   32 install editrights         1.03-1                      
2022/11/23 22:42:04   33 install dash               0.5.11.5-1                  
2022/11/23 22:42:04   34 install terminfo-extra     6.3-1.20220416              
2022/11/23 22:42:04   35 install libbrotlidec1      1.0.9-2                     
2022/11/23 22:42:04   36 install libxcb1            1.15-1                      
2022/11/23 22:42:04   37 install libintl8           0.21.1-2                    
2022/11/23 22:42:04   38 install libglapi0          19.1.6-1                    
2022/11/23 22:42:04   39 install libcom_err2        1.44.5-1                    
2022/11/23 22:42:04   40 install libcrypt2          4.4.20-1                    
2022/11/23 22:42:04   41 install libxcvt            0.1.2-1                     
2022/11/23 22:42:04   42 install libpixman1_0       0.40.0-1                    
2022/11/23 22:42:04   43 install zlib0              1.2.13-1                    
2022/11/23 22:42:04   44 install libtasn1_6         4.14-1                      
2022/11/23 22:42:04   45 install libstdc++6         11.3.0-1                    
2022/11/23 22:42:04   46 install libmpfr6           4.1.1-1                     
2022/11/23 22:42:04   47 install getent             2.18.90-4                   
2022/11/23 22:42:04   48 install _autorebase        001091-1                    
2022/11/23 22:42:04   49 install libncursesw10      6.3-1.20220416              
2022/11/23 22:42:04   50 install libxcb-glx0        1.15-1                      
2022/11/23 22:42:04   51 install libxcb-shm0        1.15-1                      
2022/11/23 22:42:04   52 install libX11_6           1.8.1-1                     
2022/11/23 22:42:04   53 install libxcb-xfixes0     1.15-1                      
2022/11/23 22:42:04   54 install libxcb-util1       0.4.0-1                     
2022/11/23 22:42:04   55 install libxcb-icccm4      0.4.1-1                     
2022/11/23 22:42:04   56 install libxcb-ewmh2       0.4.1-1                     
2022/11/23 22:42:04   57 install libxcb-composite0  1.15-1                      
2022/11/23 22:42:04   58 install libkrb5support0    1.15.2-2                    
2022/11/23 22:42:04   59 install sed                4.9-1                       
2022/11/23 22:42:04   60 install libuuid1           2.33.1-2                    
2022/11/23 22:42:04   61 install libsmartcols1      2.33.1-2                    
2022/11/23 22:42:04   62 install libpopt0           1.18-1                      
2022/11/23 22:42:04   63 install libp11-kit0        0.23.20-1                   
2022/11/23 22:42:04   64 install libgdbm6           1.18.1-1                    
2022/11/23 22:42:04   65 install libattr1           2.4.48-2                    
2022/11/23 22:42:04   66 install diffutils          3.8-1                       
2022/11/23 22:42:04   67 install alternatives       1.3.30c-10                  
2022/11/23 22:42:04   68 install perl_base          5.32.1-2                    
2022/11/23 22:42:04   69 install libpng16           1.6.37-1                    
2022/11/23 22:42:04   70 install libfontenc1        1.1.6-1                     
2022/11/23 22:42:04   71 install file               5.41-2                      
2022/11/23 22:42:04   72 install libedit0           20130712-1                  
2022/11/23 22:42:04   73 install vim-minimal        8.2.4372-1                  
2022/11/23 22:42:04   74 install ncurses            6.3-1.20220416              
2022/11/23 22:42:04   75 install libreadline7       8.2-2                       
2022/11/23 22:42:04   76 install less               590-1                       
2022/11/23 22:42:04   77 install info               6.8-2                       
2022/11/23 22:42:04   78 install libXmuu1           1.1.3-1                     
2022/11/23 22:42:04   79 install libXext6           1.3.4-1                     
2022/11/23 22:42:04   80 install libxkbfile1        1.1.0-1                     
2022/11/23 22:42:04   81 install libxcb-image0      0.4.0-1                     
2022/11/23 22:42:04   82 install libk5crypto3       1.15.2-2                    
2022/11/23 22:42:04   83 install libblkid1          2.33.1-2                    
2022/11/23 22:42:04   84 install cygutils           1.4.17-1                    
2022/11/23 22:42:04   85 install p11-kit-trust      0.23.20-1                   
2022/11/23 22:42:04   86 install p11-kit            0.23.20-1                   
2022/11/23 22:42:04   87 install perl_autorebase    5.32.1-2                    
2022/11/23 22:42:04   88 install libfreetype6       2.12.1-1                    
2022/11/23 22:42:04   89 install libllvm8           8.0.1-1                     
2022/11/23 22:42:04   90 install gawk               5.1.1-1                     
2022/11/23 22:42:04   91 install coreutils          9.0-1                       
2022/11/23 22:42:04   92 install xauth              1.1.2-1                     
2022/11/23 22:42:04   93 install xkbcomp            1.4.5-1                     
2022/11/23 22:42:04   94 install libkrb5_3          1.15.2-2                    
2022/11/23 22:42:04   95 install libfdisk1          2.33.1-2                    
2022/11/23 22:42:04   96 install libXfont2_2        2.0.6-1                     
2022/11/23 22:42:04   97 install dri-drivers        19.1.6-1                    
2022/11/23 22:42:04   98 install bash               4.4.12-3                    
2022/11/23 22:42:04   99 install libgssapi_krb5_2   1.15.2-2                    
2022/11/23 22:42:04  100 install util-linux         2.33.1-2                    
2022/11/23 22:42:04  101 install libGL1             19.1.6-1                    
2022/11/23 22:42:04  102 install xorg-server-common 21.1.4-2                    
2022/11/23 22:42:04  103 install tzcode             2022e-1                     
2022/11/23 22:42:04  104 install libtirpc3          1.3.3-1                     
2022/11/23 22:42:04  105 install zstd               1.5.2-1                     
2022/11/23 22:42:04  106 install xz                 5.2.8-1                     
2022/11/23 22:42:04  107 install gzip               1.12-1                      
2022/11/23 22:42:04  108 install groff              1.22.4-1                    
2022/11/23 22:42:04  109 install grep               3.8-2                       
2022/11/23 22:42:04  110 install findutils          4.9.0-1                     
2022/11/23 22:42:04  111 install crypto-policies    20190218-1                  
2022/11/23 22:42:04  112 install ca-certificates    2022.2.54-3                 
2022/11/23 22:42:04  113 install bzip2              1.0.8-1                     
2022/11/23 22:42:04  114 install xorg-server-xorg   21.1.4-2                    
2022/11/23 22:42:04  115 install xorg-server        21.1.4-2                    
2022/11/23 22:42:04  116 install man-db             2.11.1-1                    
2022/11/23 22:42:04  117 install base-files         4.3-3                       
2022/11/23 22:42:04  118 install libssl1.1          1.1.1s-1                    
2022/11/23 22:42:04  119 install tar                1.34-1                      
2022/11/23 22:42:04  120 install xf86-video-dummy   0.4.0-1                     
2022/11/23 22:42:04  121 install openssl            1.1.1s-1                    
2022/11/23 22:42:04  122 install xf86-video-nested  0.1.0-9.20181214git6a48b385 
2022/11/23 22:42:14 Downloaded E:\Cygwin_setup/https%3a%2f%2fmirrors.ustc.edu.cn%2fcygwin%2f/x86/release/xz/liblzma5/liblzma5-5.2.8-1.tar.zst
2022/11/23 22:42:14 Downloaded E:\Cygwin_setup/https%3a%2f%2fmirrors.ustc.edu.cn%2fcygwin%2f/x86/release/mpfr/libmpfr6/libmpfr6-4.1.1-1.tar.zst
2022/11/23 22:42:14 Downloaded E:\Cygwin_setup/https%3a%2f%2fmirrors.ustc.edu.cn%2fcygwin%2f/x86/release/xz/xz-5.2.8-1.tar.zst
2022/11/23 22:42:14 Downloaded E:\Cygwin_setup/https%3a%2f%2fmirrors.ustc.edu.cn%2fcygwin%2f/x86/release/man-db/man-db-2.11.1-1.tar.zst
2022/11/23 22:42:15 Extracting from file://E:\Cygwin_setup/https%3a%2f%2fmirrors.ustc.edu.cn%2fcygwin%2f/noarch/release/base-cygwin/base-cygwin-3.8-1.tar.xz
2022/11/23 22:42:15 Extracting from file://E:\Cygwin_setup/https%3a%2f%2fmirrors.ustc.edu.cn%2fcygwin%2f/x86/release/cygwin/cygwin-3.3.6-1.tar.xz
2022/11/23 22:42:15 Extracting from file://E:\Cygwin_setup/https%3a%2f%2fmirrors.ustc.edu.cn%2fcygwin%2f/x86/release/popt/libpopt-common/libpopt-common-1.18-1.tar.xz
2022/11/23 22:42:15 Extracting from file://E:\Cygwin_setup/https%3a%2f%2fmirrors.ustc.edu.cn%2fcygwin%2f/x86/release/rebase/rebase-4.6.1-1.tar.xz
2022/11/23 22:42:16 Extracting from file://E:\Cygwin_setup/https%3a%2f%2fmirrors.ustc.edu.cn%2fcygwin%2f/x86/release/ncurses/terminfo/terminfo-6.3-1.20220416.tar.xz
2022/11/23 22:42:16 Extracting from file://E:\Cygwin_setup/https%3a%2f%2fmirrors.ustc.edu.cn%2fcygwin%2f/noarch/release/tzdata/tzdata-2022f-1.tar.xz
2022/11/23 22:42:20 Extracting from file://E:\Cygwin_setup/https%3a%2f%2fmirrors.ustc.edu.cn%2fcygwin%2f/noarch/release/xorg-scripts/xorg-scripts-1.0.1-1.tar.bz2
2022/11/23 22:42:20 Extracting from file://E:\Cygwin_setup/https%3a%2f%2fmirrors.ustc.edu.cn%2fcygwin%2f/noarch/release/xcursor-themes/xcursor-themes-1.0.6-1.tar.xz
2022/11/23 22:42:21 Extracting from file://E:\Cygwin_setup/https%3a%2f%2fmirrors.ustc.edu.cn%2fcygwin%2f/noarch/release/xkeyboard-config/xkeyboard-config-2.37-1.tar.xz
2022/11/23 22:42:22 Extracting from file://E:\Cygwin_setup/https%3a%2f%2fmirrors.ustc.edu.cn%2fcygwin%2f/x86/release/libtirpc/libtirpc-common/libtirpc-common-1.3.3-1.tar.xz
2022/11/23 22:42:22 Extracting from file://E:\Cygwin_setup/https%3a%2f%2fmirrors.ustc.edu.cn%2fcygwin%2f/x86/release/expat/libexpat1/libexpat1-2.4.1-1.tar.xz
2022/11/23 22:42:22 Extracting from file://E:\Cygwin_setup/https%3a%2f%2fmirrors.ustc.edu.cn%2fcygwin%2f/x86/release/brotli/libbrotlicommon1/libbrotlicommon1-1.0.9-2.tar.xz
2022/11/23 22:42:22 Extracting from file://E:\Cygwin_setup/https%3a%2f%2fmirrors.ustc.edu.cn%2fcygwin%2f/x86/release/libX11/libX11-xcb1/libX11-xcb1-1.8.1-1.tar.xz
2022/11/23 22:42:22 Extracting from file://E:\Cygwin_setup/https%3a%2f%2fmirrors.ustc.edu.cn%2fcygwin%2f/x86/release/libXdmcp/libXdmcp6/libXdmcp6-1.1.3-1.tar.xz
2022/11/23 22:42:22 Extracting from file://E:\Cygwin_setup/https%3a%2f%2fmirrors.ustc.edu.cn%2fcygwin%2f/x86/release/libXau/libXau6/libXau6-1.0.10-1.tar.xz
2022/11/23 22:42:22 Extracting from file://E:\Cygwin_setup/https%3a%2f%2fmirrors.ustc.edu.cn%2fcygwin%2f/x86/release/which/which-2.20-2.tar.bz2
2022/11/23 22:42:22 Extracting from file://E:\Cygwin_setup/https%3a%2f%2fmirrors.ustc.edu.cn%2fcygwin%2f/x86/release/run/run-1.3.4-2.tar.xz
2022/11/23 22:42:22 Extracting from file://E:\Cygwin_setup/https%3a%2f%2fmirrors.ustc.edu.cn%2fcygwin%2f/x86/release/mintty/mintty-3.6.2-1.tar.xz
2022/11/23 22:42:23 Extracting from file://E:\Cygwin_setup/https%3a%2f%2fmirrors.ustc.edu.cn%2fcygwin%2f/x86/release/login/login-1.13-1.tar.xz
2022/11/23 22:42:23 Extracting from file://E:\Cygwin_setup/https%3a%2f%2fmirrors.ustc.edu.cn%2fcygwin%2f/x86/release/libsigsegv/libsigsegv2/libsigsegv2-2.10-2.tar.xz
2022/11/23 22:42:23 Extracting from file://E:\Cygwin_setup/https%3a%2f%2fmirrors.ustc.edu.cn%2fcygwin%2f/x86/release/libpipeline/libpipeline1/libpipeline1-1.5.6-1.tar.xz
2022/11/23 22:42:23 Extracting from file://E:\Cygwin_setup/https%3a%2f%2fmirrors.ustc.edu.cn%2fcygwin%2f/x86/release/pcre2/libpcre2_8_0/libpcre2_8_0-10.40-1.tar.zst
2022/11/23 22:42:23 Extracting from file://E:\Cygwin_setup/https%3a%2f%2fmirrors.ustc.edu.cn%2fcygwin%2f/x86/release/xz/liblzma5/liblzma5-5.2.8-1.tar.zst
2022/11/23 22:42:23 Extracting from file://E:\Cygwin_setup/https%3a%2f%2fmirrors.ustc.edu.cn%2fcygwin%2f/x86/release/lz4/liblz4_1/liblz4_1-1.9.4-1.tar.xz
2022/11/23 22:42:23 Extracting from file://E:\Cygwin_setup/https%3a%2f%2fmirrors.ustc.edu.cn%2fcygwin%2f/x86/release/libiconv/libiconv2/libiconv2-1.17-1.tar.xz
2022/11/23 22:42:23 Extracting from file://E:\Cygwin_setup/https%3a%2f%2fmirrors.ustc.edu.cn%2fcygwin%2f/x86/release/gmp/libgmp10/libgmp10-6.2.1-2.tar.zst
2022/11/23 22:42:23 Extracting from file://E:\Cygwin_setup/https%3a%2f%2fmirrors.ustc.edu.cn%2fcygwin%2f/x86/release/gcc/libgcc1/libgcc1-11.3.0-1.tar.zst
2022/11/23 22:42:23 Extracting from file://E:\Cygwin_setup/https%3a%2f%2fmirrors.ustc.edu.cn%2fcygwin%2f/x86/release/libffi/libffi6/libffi6-3.2.1-1.tar.xz
2022/11/23 22:42:23 Extracting from file://E:\Cygwin_setup/https%3a%2f%2fmirrors.ustc.edu.cn%2fcygwin%2f/x86/release/bzip2/libbz2_1/libbz2_1-1.0.8-1.tar.xz
2022/11/23 22:42:23 Extracting from file://E:\Cygwin_setup/https%3a%2f%2fmirrors.ustc.edu.cn%2fcygwin%2f/x86/release/libargp/libargp-20110921-3.tar.xz
2022/11/23 22:42:23 Extracting from file://E:\Cygwin_setup/https%3a%2f%2fmirrors.ustc.edu.cn%2fcygwin%2f/x86/release/ipc-utils/ipc-utils-1.0-1.tar.bz2
2022/11/23 22:42:23 Extracting from file://E:\Cygwin_setup/https%3a%2f%2fmirrors.ustc.edu.cn%2fcygwin%2f/x86/release/hostname/hostname-3.13-1.tar.bz2
2022/11/23 22:42:23 Extracting from file://E:\Cygwin_setup/https%3a%2f%2fmirrors.ustc.edu.cn%2fcygwin%2f/x86/release/editrights/editrights-1.03-1.tar.xz
2022/11/23 22:42:23 Extracting from file://E:\Cygwin_setup/https%3a%2f%2fmirrors.ustc.edu.cn%2fcygwin%2f/x86/release/dash/dash-0.5.11.5-1.tar.xz
2022/11/23 22:42:23 Extracting from file://E:\Cygwin_setup/https%3a%2f%2fmirrors.ustc.edu.cn%2fcygwin%2f/x86/release/ncurses/terminfo-extra/terminfo-extra-6.3-1.20220416.tar.xz
2022/11/23 22:42:30 Extracting from file://E:\Cygwin_setup/https%3a%2f%2fmirrors.ustc.edu.cn%2fcygwin%2f/x86/release/brotli/libbrotlidec1/libbrotlidec1-1.0.9-2.tar.xz
2022/11/23 22:42:30 Extracting from file://E:\Cygwin_setup/https%3a%2f%2fmirrors.ustc.edu.cn%2fcygwin%2f/x86/release/libxcb/libxcb1/libxcb1-1.15-1.tar.xz
2022/11/23 22:42:30 Extracting from file://E:\Cygwin_setup/https%3a%2f%2fmirrors.ustc.edu.cn%2fcygwin%2f/x86/release/gettext/libintl8/libintl8-0.21.1-2.tar.xz
2022/11/23 22:42:30 Extracting from file://E:\Cygwin_setup/https%3a%2f%2fmirrors.ustc.edu.cn%2fcygwin%2f/x86/release/mesa/libglapi0/libglapi0-19.1.6-1.tar.xz
2022/11/23 22:42:30 Extracting from file://E:\Cygwin_setup/https%3a%2f%2fmirrors.ustc.edu.cn%2fcygwin%2f/x86/release/e2fsprogs/libcom_err2/libcom_err2-1.44.5-1.tar.xz
2022/11/23 22:42:30 Extracting from file://E:\Cygwin_setup/https%3a%2f%2fmirrors.ustc.edu.cn%2fcygwin%2f/x86/release/libxcrypt/libcrypt2/libcrypt2-4.4.20-1.tar.xz
2022/11/23 22:42:30 Extracting from file://E:\Cygwin_setup/https%3a%2f%2fmirrors.ustc.edu.cn%2fcygwin%2f/x86/release/libxcvt/libxcvt-0.1.2-1.tar.xz
2022/11/23 22:42:30 Extracting from file://E:\Cygwin_setup/https%3a%2f%2fmirrors.ustc.edu.cn%2fcygwin%2f/x86/release/pixman/libpixman1_0/libpixman1_0-0.40.0-1.tar.xz
2022/11/23 22:42:30 Extracting from file://E:\Cygwin_setup/https%3a%2f%2fmirrors.ustc.edu.cn%2fcygwin%2f/x86/release/zlib/zlib0/zlib0-1.2.13-1.tar.zst
2022/11/23 22:42:30 Extracting from file://E:\Cygwin_setup/https%3a%2f%2fmirrors.ustc.edu.cn%2fcygwin%2f/x86/release/libtasn1/libtasn1_6/libtasn1_6-4.14-1.tar.xz
2022/11/23 22:42:30 Extracting from file://E:\Cygwin_setup/https%3a%2f%2fmirrors.ustc.edu.cn%2fcygwin%2f/x86/release/gcc/libstdc++6/libstdc++6-11.3.0-1.tar.zst
2022/11/23 22:42:30 Extracting from file://E:\Cygwin_setup/https%3a%2f%2fmirrors.ustc.edu.cn%2fcygwin%2f/x86/release/mpfr/libmpfr6/libmpfr6-4.1.1-1.tar.zst
2022/11/23 22:42:30 Extracting from file://E:\Cygwin_setup/https%3a%2f%2fmirrors.ustc.edu.cn%2fcygwin%2f/x86/release/getent/getent-2.18.90-4.tar.xz
2022/11/23 22:42:30 Extracting from file://E:\Cygwin_setup/https%3a%2f%2fmirrors.ustc.edu.cn%2fcygwin%2f/noarch/release/_autorebase/_autorebase-001091-1.tar.zst
2022/11/23 22:42:30 Extracting from file://E:\Cygwin_setup/https%3a%2f%2fmirrors.ustc.edu.cn%2fcygwin%2f/x86/release/ncurses/libncursesw10/libncursesw10-6.3-1.20220416.tar.xz
2022/11/23 22:42:30 Extracting from file://E:\Cygwin_setup/https%3a%2f%2fmirrors.ustc.edu.cn%2fcygwin%2f/x86/release/libxcb/libxcb-glx0/libxcb-glx0-1.15-1.tar.xz
2022/11/23 22:42:30 Extracting from file://E:\Cygwin_setup/https%3a%2f%2fmirrors.ustc.edu.cn%2fcygwin%2f/x86/release/libxcb/libxcb-shm0/libxcb-shm0-1.15-1.tar.xz
2022/11/23 22:42:30 Extracting from file://E:\Cygwin_setup/https%3a%2f%2fmirrors.ustc.edu.cn%2fcygwin%2f/x86/release/libX11/libX11_6/libX11_6-1.8.1-1.tar.xz
2022/11/23 22:42:31 Extracting from file://E:\Cygwin_setup/https%3a%2f%2fmirrors.ustc.edu.cn%2fcygwin%2f/x86/release/libxcb/libxcb-xfixes0/libxcb-xfixes0-1.15-1.tar.xz
2022/11/23 22:42:31 Extracting from file://E:\Cygwin_setup/https%3a%2f%2fmirrors.ustc.edu.cn%2fcygwin%2f/x86/release/xcb-util/libxcb-util1/libxcb-util1-0.4.0-1.tar.xz
2022/11/23 22:42:31 Extracting from file://E:\Cygwin_setup/https%3a%2f%2fmirrors.ustc.edu.cn%2fcygwin%2f/x86/release/xcb-util-wm/libxcb-icccm4/libxcb-icccm4-0.4.1-1.tar.xz
2022/11/23 22:42:31 Extracting from file://E:\Cygwin_setup/https%3a%2f%2fmirrors.ustc.edu.cn%2fcygwin%2f/x86/release/xcb-util-wm/libxcb-ewmh2/libxcb-ewmh2-0.4.1-1.tar.xz
2022/11/23 22:42:31 Extracting from file://E:\Cygwin_setup/https%3a%2f%2fmirrors.ustc.edu.cn%2fcygwin%2f/x86/release/libxcb/libxcb-composite0/libxcb-composite0-1.15-1.tar.xz
2022/11/23 22:42:31 Extracting from file://E:\Cygwin_setup/https%3a%2f%2fmirrors.ustc.edu.cn%2fcygwin%2f/x86/release/krb5/libkrb5support0/libkrb5support0-1.15.2-2.tar.xz
2022/11/23 22:42:31 Extracting from file://E:\Cygwin_setup/https%3a%2f%2fmirrors.ustc.edu.cn%2fcygwin%2f/x86/release/sed/sed-4.9-1.tar.xz
2022/11/23 22:42:32 Extracting from file://E:\Cygwin_setup/https%3a%2f%2fmirrors.ustc.edu.cn%2fcygwin%2f/x86/release/util-linux/libuuid1/libuuid1-2.33.1-2.tar.xz
2022/11/23 22:42:32 Extracting from file://E:\Cygwin_setup/https%3a%2f%2fmirrors.ustc.edu.cn%2fcygwin%2f/x86/release/util-linux/libsmartcols1/libsmartcols1-2.33.1-2.tar.xz
2022/11/23 22:42:32 Extracting from file://E:\Cygwin_setup/https%3a%2f%2fmirrors.ustc.edu.cn%2fcygwin%2f/x86/release/popt/libpopt0/libpopt0-1.18-1.tar.xz
2022/11/23 22:42:32 Extracting from file://E:\Cygwin_setup/https%3a%2f%2fmirrors.ustc.edu.cn%2fcygwin%2f/x86/release/p11-kit/libp11-kit0/libp11-kit0-0.23.20-1.tar.xz
2022/11/23 22:42:32 Extracting from file://E:\Cygwin_setup/https%3a%2f%2fmirrors.ustc.edu.cn%2fcygwin%2f/x86/release/gdbm/libgdbm6/libgdbm6-1.18.1-1.tar.xz
2022/11/23 22:42:32 Extracting from file://E:\Cygwin_setup/https%3a%2f%2fmirrors.ustc.edu.cn%2fcygwin%2f/x86/release/attr/libattr1/libattr1-2.4.48-2.tar.xz
2022/11/23 22:42:32 Extracting from file://E:\Cygwin_setup/https%3a%2f%2fmirrors.ustc.edu.cn%2fcygwin%2f/x86/release/diffutils/diffutils-3.8-1.tar.xz
2022/11/23 22:42:32 Extracting from file://E:\Cygwin_setup/https%3a%2f%2fmirrors.ustc.edu.cn%2fcygwin%2f/x86/release/alternatives/alternatives-1.3.30c-10.tar.bz2
2022/11/23 22:42:33 Extracting from file://E:\Cygwin_setup/https%3a%2f%2fmirrors.ustc.edu.cn%2fcygwin%2f/x86/release/perl/perl_base/perl_base-5.32.1-2.tar.zst
2022/11/23 22:42:34 Extracting from file://E:\Cygwin_setup/https%3a%2f%2fmirrors.ustc.edu.cn%2fcygwin%2f/x86/release/libpng/libpng16/libpng16-1.6.37-1.tar.xz
2022/11/23 22:42:34 Extracting from file://E:\Cygwin_setup/https%3a%2f%2fmirrors.ustc.edu.cn%2fcygwin%2f/x86/release/libfontenc/libfontenc1/libfontenc1-1.1.6-1.tar.xz
2022/11/23 22:42:34 Extracting from file://E:\Cygwin_setup/https%3a%2f%2fmirrors.ustc.edu.cn%2fcygwin%2f/x86/release/file/file-5.41-2.tar.xz
2022/11/23 22:42:34 Extracting from file://E:\Cygwin_setup/https%3a%2f%2fmirrors.ustc.edu.cn%2fcygwin%2f/x86/release/libedit/libedit0/libedit0-20130712-1.tar.xz
2022/11/23 22:42:34 Extracting from file://E:\Cygwin_setup/https%3a%2f%2fmirrors.ustc.edu.cn%2fcygwin%2f/x86/release/vim/vim-minimal/vim-minimal-8.2.4372-1.tar.xz
2022/11/23 22:42:35 Extracting from file://E:\Cygwin_setup/https%3a%2f%2fmirrors.ustc.edu.cn%2fcygwin%2f/x86/release/ncurses/ncurses-6.3-1.20220416.tar.xz
2022/11/23 22:42:35 Extracting from file://E:\Cygwin_setup/https%3a%2f%2fmirrors.ustc.edu.cn%2fcygwin%2f/x86/release/readline/libreadline7/libreadline7-8.2-2.tar.xz
2022/11/23 22:42:35 Extracting from file://E:\Cygwin_setup/https%3a%2f%2fmirrors.ustc.edu.cn%2fcygwin%2f/x86/release/less/less-590-1.tar.xz
2022/11/23 22:42:35 Extracting from file://E:\Cygwin_setup/https%3a%2f%2fmirrors.ustc.edu.cn%2fcygwin%2f/x86/release/texinfo/info/info-6.8-2.tar.xz
2022/11/23 22:42:36 Extracting from file://E:\Cygwin_setup/https%3a%2f%2fmirrors.ustc.edu.cn%2fcygwin%2f/x86/release/libXmu/libXmuu1/libXmuu1-1.1.3-1.tar.xz
2022/11/23 22:42:36 Extracting from file://E:\Cygwin_setup/https%3a%2f%2fmirrors.ustc.edu.cn%2fcygwin%2f/x86/release/libXext/libXext6/libXext6-1.3.4-1.tar.xz
2022/11/23 22:42:36 Extracting from file://E:\Cygwin_setup/https%3a%2f%2fmirrors.ustc.edu.cn%2fcygwin%2f/x86/release/libxkbfile/libxkbfile1/libxkbfile1-1.1.0-1.tar.xz
2022/11/23 22:42:36 Extracting from file://E:\Cygwin_setup/https%3a%2f%2fmirrors.ustc.edu.cn%2fcygwin%2f/x86/release/xcb-util-image/libxcb-image0/libxcb-image0-0.4.0-1.tar.xz
2022/11/23 22:42:36 Extracting from file://E:\Cygwin_setup/https%3a%2f%2fmirrors.ustc.edu.cn%2fcygwin%2f/x86/release/krb5/libk5crypto3/libk5crypto3-1.15.2-2.tar.xz
2022/11/23 22:42:36 Extracting from file://E:\Cygwin_setup/https%3a%2f%2fmirrors.ustc.edu.cn%2fcygwin%2f/x86/release/util-linux/libblkid1/libblkid1-2.33.1-2.tar.xz
2022/11/23 22:42:36 Extracting from file://E:\Cygwin_setup/https%3a%2f%2fmirrors.ustc.edu.cn%2fcygwin%2f/x86/release/cygutils/cygutils-1.4.17-1.tar.xz
2022/11/23 22:42:36 Extracting from file://E:\Cygwin_setup/https%3a%2f%2fmirrors.ustc.edu.cn%2fcygwin%2f/x86/release/p11-kit/p11-kit-trust/p11-kit-trust-0.23.20-1.tar.xz
2022/11/23 22:42:36 Extracting from file://E:\Cygwin_setup/https%3a%2f%2fmirrors.ustc.edu.cn%2fcygwin%2f/x86/release/p11-kit/p11-kit-0.23.20-1.tar.xz
2022/11/23 22:42:36 Extracting from file://E:\Cygwin_setup/https%3a%2f%2fmirrors.ustc.edu.cn%2fcygwin%2f/x86/release/perl/perl_autorebase/perl_autorebase-5.32.1-2.tar.zst
2022/11/23 22:42:36 Extracting from file://E:\Cygwin_setup/https%3a%2f%2fmirrors.ustc.edu.cn%2fcygwin%2f/x86/release/freetype2/libfreetype6/libfreetype6-2.12.1-1.tar.xz
2022/11/23 22:42:36 Extracting from file://E:\Cygwin_setup/https%3a%2f%2fmirrors.ustc.edu.cn%2fcygwin%2f/x86/release/llvm/libllvm8/libllvm8-8.0.1-1.tar.xz
2022/11/23 22:42:41 Extracting from file://E:\Cygwin_setup/https%3a%2f%2fmirrors.ustc.edu.cn%2fcygwin%2f/x86/release/gawk/gawk-5.1.1-1.tar.xz
2022/11/23 22:42:42 Extracting from file://E:\Cygwin_setup/https%3a%2f%2fmirrors.ustc.edu.cn%2fcygwin%2f/x86/release/coreutils/coreutils-9.0-1.tar.xz
2022/11/23 22:42:43 Extracting from file://E:\Cygwin_setup/https%3a%2f%2fmirrors.ustc.edu.cn%2fcygwin%2f/x86/release/xauth/xauth-1.1.2-1.tar.xz
2022/11/23 22:42:43 Extracting from file://E:\Cygwin_setup/https%3a%2f%2fmirrors.ustc.edu.cn%2fcygwin%2f/x86/release/xkbcomp/xkbcomp-1.4.5-1.tar.xz
2022/11/23 22:42:43 Extracting from file://E:\Cygwin_setup/https%3a%2f%2fmirrors.ustc.edu.cn%2fcygwin%2f/x86/release/krb5/libkrb5_3/libkrb5_3-1.15.2-2.tar.xz
2022/11/23 22:42:44 Extracting from file://E:\Cygwin_setup/https%3a%2f%2fmirrors.ustc.edu.cn%2fcygwin%2f/x86/release/util-linux/libfdisk1/libfdisk1-2.33.1-2.tar.xz
2022/11/23 22:42:44 Extracting from file://E:\Cygwin_setup/https%3a%2f%2fmirrors.ustc.edu.cn%2fcygwin%2f/x86/release/libXfont2/libXfont2_2/libXfont2_2-2.0.6-1.tar.xz
2022/11/23 22:42:44 Extracting from file://E:\Cygwin_setup/https%3a%2f%2fmirrors.ustc.edu.cn%2fcygwin%2f/x86/release/mesa/dri-drivers/dri-drivers-19.1.6-1.tar.xz
2022/11/23 22:42:44 Extracting from file://E:\Cygwin_setup/https%3a%2f%2fmirrors.ustc.edu.cn%2fcygwin%2f/x86/release/bash/bash-4.4.12-3.tar.xz
2022/11/23 22:42:45 Extracting from file://E:\Cygwin_setup/https%3a%2f%2fmirrors.ustc.edu.cn%2fcygwin%2f/x86/release/krb5/libgssapi_krb5_2/libgssapi_krb5_2-1.15.2-2.tar.xz
2022/11/23 22:42:45 Extracting from file://E:\Cygwin_setup/https%3a%2f%2fmirrors.ustc.edu.cn%2fcygwin%2f/x86/release/util-linux/util-linux-2.33.1-2.tar.xz
2022/11/23 22:42:46 Extracting from file://E:\Cygwin_setup/https%3a%2f%2fmirrors.ustc.edu.cn%2fcygwin%2f/x86/release/mesa/libGL1/libGL1-19.1.6-1.tar.xz
2022/11/23 22:42:46 Extracting from file://E:\Cygwin_setup/https%3a%2f%2fmirrors.ustc.edu.cn%2fcygwin%2f/x86/release/xorg-server/xorg-server-common/xorg-server-common-21.1.4-2.tar.xz
2022/11/23 22:42:46 Extracting from file://E:\Cygwin_setup/https%3a%2f%2fmirrors.ustc.edu.cn%2fcygwin%2f/x86/release/tzcode/tzcode-2022e-1.tar.xz
2022/11/23 22:42:46 Extracting from file://E:\Cygwin_setup/https%3a%2f%2fmirrors.ustc.edu.cn%2fcygwin%2f/x86/release/libtirpc/libtirpc3/libtirpc3-1.3.3-1.tar.xz
2022/11/23 22:42:46 Extracting from file://E:\Cygwin_setup/https%3a%2f%2fmirrors.ustc.edu.cn%2fcygwin%2f/x86/release/zstd/zstd-1.5.2-1.tar.zst
2022/11/23 22:42:46 Extracting from file://E:\Cygwin_setup/https%3a%2f%2fmirrors.ustc.edu.cn%2fcygwin%2f/x86/release/xz/xz-5.2.8-1.tar.zst
2022/11/23 22:42:47 Extracting from file://E:\Cygwin_setup/https%3a%2f%2fmirrors.ustc.edu.cn%2fcygwin%2f/x86/release/gzip/gzip-1.12-1.tar.xz
2022/11/23 22:42:47 Extracting from file://E:\Cygwin_setup/https%3a%2f%2fmirrors.ustc.edu.cn%2fcygwin%2f/x86/release/groff/groff-1.22.4-1.tar.xz
2022/11/23 22:42:49 Extracting from file://E:\Cygwin_setup/https%3a%2f%2fmirrors.ustc.edu.cn%2fcygwin%2f/x86/release/grep/grep-3.8-2.tar.xz
2022/11/23 22:42:49 Extracting from file://E:\Cygwin_setup/https%3a%2f%2fmirrors.ustc.edu.cn%2fcygwin%2f/x86/release/findutils/findutils-4.9.0-1.tar.xz
2022/11/23 22:42:50 Extracting from file://E:\Cygwin_setup/https%3a%2f%2fmirrors.ustc.edu.cn%2fcygwin%2f/noarch/release/crypto-policies/crypto-policies-20190218-1.tar.xz
2022/11/23 22:42:50 Extracting from file://E:\Cygwin_setup/https%3a%2f%2fmirrors.ustc.edu.cn%2fcygwin%2f/noarch/release/ca-certificates/ca-certificates-2022.2.54-3.tar.zst
2022/11/23 22:42:50 Extracting from file://E:\Cygwin_setup/https%3a%2f%2fmirrors.ustc.edu.cn%2fcygwin%2f/x86/release/bzip2/bzip2-1.0.8-1.tar.xz
2022/11/23 22:42:50 Extracting from file://E:\Cygwin_setup/https%3a%2f%2fmirrors.ustc.edu.cn%2fcygwin%2f/x86/release/xorg-server/xorg-server-xorg/xorg-server-xorg-21.1.4-2.tar.xz
2022/11/23 22:42:50 Extracting from file://E:\Cygwin_setup/https%3a%2f%2fmirrors.ustc.edu.cn%2fcygwin%2f/x86/release/xorg-server/xorg-server-21.1.4-2.tar.xz
2022/11/23 22:42:51 Extracting from file://E:\Cygwin_setup/https%3a%2f%2fmirrors.ustc.edu.cn%2fcygwin%2f/x86/release/man-db/man-db-2.11.1-1.tar.zst
2022/11/23 22:42:51 Extracting from file://E:\Cygwin_setup/https%3a%2f%2fmirrors.ustc.edu.cn%2fcygwin%2f/noarch/release/base-files/base-files-4.3-3.tar.zst
2022/11/23 22:42:51 Extracting from file://E:\Cygwin_setup/https%3a%2f%2fmirrors.ustc.edu.cn%2fcygwin%2f/x86/release/openssl/libssl1.1/libssl1.1-1.1.1s-1.tar.zst
2022/11/23 22:42:51 Extracting from file://E:\Cygwin_setup/https%3a%2f%2fmirrors.ustc.edu.cn%2fcygwin%2f/x86/release/tar/tar-1.34-1.tar.zst
2022/11/23 22:42:52 Extracting from file://E:\Cygwin_setup/https%3a%2f%2fmirrors.ustc.edu.cn%2fcygwin%2f/x86/release/xf86-video-dummy/xf86-video-dummy-0.4.0-1.tar.xz
2022/11/23 22:42:52 Extracting from file://E:\Cygwin_setup/https%3a%2f%2fmirrors.ustc.edu.cn%2fcygwin%2f/x86/release/openssl/openssl-1.1.1s-1.tar.zst
2022/11/23 22:42:52 Extracting from file://E:\Cygwin_setup/https%3a%2f%2fmirrors.ustc.edu.cn%2fcygwin%2f/x86/release/xf86-video-nested/xf86-video-nested-0.1.0-9.20181214git6a48b385.tar.xz
2022/11/23 22:42:52 Changing gid back to original
2022/11/23 22:42:52 running: E:\XWin\bin\dash.exe "/etc/postinstall/0p_000_autorebase.dash"
2022/11/23 22:42:56 running: E:\XWin\bin\dash.exe "/etc/postinstall/0p_update-info-dir.dash"
2022/11/23 22:42:59 running: E:\XWin\bin\bash.exe --norc --noprofile "/etc/postinstall/000-cygwin-post-install.sh"
2022/11/23 22:43:00 running: E:\XWin\bin\bash.exe --norc --noprofile "/etc/postinstall/coreutils.sh"
2022/11/23 22:43:00 running: E:\XWin\bin\bash.exe --norc --noprofile "/etc/postinstall/bash.sh"
2022/11/23 22:43:01 running: E:\XWin\bin\bash.exe --norc --noprofile "/etc/postinstall/base-files-mketc.sh"
2022/11/23 22:43:02 running: E:\XWin\bin\bash.exe --norc --noprofile "/etc/postinstall/base-files-profile.sh"
2022/11/23 22:43:03 running: E:\XWin\bin\bash.exe --norc --noprofile "/etc/postinstall/p11-kit.sh"
2022/11/23 22:43:03 running: E:\XWin\bin\bash.exe --norc --noprofile "/etc/postinstall/ca-certificates.sh"
2022/11/23 22:43:12 running: E:\XWin\bin\bash.exe --norc --noprofile "/etc/postinstall/crypto-policies.sh"
2022/11/23 22:43:16 running: E:\XWin\bin\bash.exe --norc --noprofile "/etc/postinstall/openssl.sh"
2022/11/23 22:43:16 running: E:\XWin\bin\bash.exe --norc --noprofile "/etc/postinstall/libtirpc.sh"
2022/11/23 22:43:16 running: E:\XWin\bin\bash.exe --norc --noprofile "/etc/postinstall/man-db.sh"
2022/11/23 22:43:16 running: E:\XWin\bin\bash.exe --norc --noprofile "/etc/postinstall/mintty.sh"
2022/11/23 22:43:17 running: E:\XWin\bin\bash.exe --norc --noprofile "/etc/postinstall/xcursor-themes.sh"
2022/11/23 22:43:17 running: E:\XWin\bin\bash.exe --norc --noprofile "/etc/postinstall/xorg-server.sh"
2022/11/23 22:43:17 running: E:\XWin\bin\dash.exe "/etc/postinstall/zp_man-db-update-index.dash"
2022/11/23 22:43:17 Changing gid to Administrators
2022/11/23 22:43:23 note: Installation Complete
2022/11/23 22:43:23 Ending cygwin install
